<?xml version="1.0" encoding="UTF-8"?>
<testng-results skipped="0" failed="0" total="1" passed="1">
  <reporter-output>
  </reporter-output>
  <suite name="Customer Shopper Suite" duration-ms="297850" started-at="2021-11-22T07:43:08Z" finished-at="2021-11-22T07:48:06Z">
    <groups>
      <group name="cucumber">
        <method signature="AbstractTestNGCucumberTests.feature(cucumber.api.testng.CucumberFeatureWrapper)[pri:0, instance:runner.TestRunner@38082d64]" name="feature" class="cucumber.api.testng.AbstractTestNGCucumberTests"/>
      </group> <!-- cucumber -->
    </groups>
    <test name="Customer Shopper Test" duration-ms="297850" started-at="2021-11-22T07:43:08Z" finished-at="2021-11-22T07:48:06Z">
      <class name="runner.TestRunner">
        <test-method status="PASS" signature="setUpClass()[pri:0, instance:runner.TestRunner@38082d64]" name="setUpClass" is-config="true" duration-ms="2168" started-at="2021-11-22T13:13:08Z" finished-at="2021-11-22T13:13:11Z">
          <reporter-output>
          </reporter-output>
        </test-method> <!-- setUpClass -->
        <test-method status="PASS" signature="setup()[pri:0, instance:runner.TestRunner@38082d64]" name="setup" is-config="true" duration-ms="1000" started-at="2021-11-22T13:13:11Z" finished-at="2021-11-22T13:13:12Z">
          <reporter-output>
          </reporter-output>
        </test-method> <!-- setup -->
        <test-method status="PASS" signature="feature(cucumber.api.testng.CucumberFeatureWrapper)[pri:0, instance:runner.TestRunner@38082d64]" name="feature" duration-ms="293360" started-at="2021-11-22T13:13:12Z" description="Runs Cucumber Feature" data-provider="features" finished-at="2021-11-22T13:18:05Z">
          <params>
            <param index="0">
              <value>
                <![CDATA[Testing the WeatherShopper Screen]]>
              </value>
            </param>
          </params>
          <reporter-output>
          </reporter-output>
        </test-method> <!-- feature -->
        <test-method status="PASS" signature="tearDownClass()[pri:0, instance:runner.TestRunner@38082d64]" name="tearDownClass" is-config="true" duration-ms="788" started-at="2021-11-22T13:18:05Z" finished-at="2021-11-22T13:18:06Z">
          <reporter-output>
          </reporter-output>
        </test-method> <!-- tearDownClass -->
      </class> <!-- runner.TestRunner -->
    </test> <!-- Customer Shopper Test -->
  </suite> <!-- Customer Shopper Suite -->
</testng-results>
